<?xml version="1.0" encoding="UTF-8"?>
<!-- Generated by org.testng.reporters.JUnitReportReporter -->
<testsuite skipped="0" hostname="ip-172-31-86-137" name="restAPI.GetRequestwithParam" tests="1" failures="0" timestamp="30 Nov 2021 07:08:24 GMT" time="1.758" errors="0">
  <testcase name="GetCall" time="1.758" classname="restAPI.GetRequestwithParam"/>
</testsuite> <!-- restAPI.GetRequestwithParam -->
