<?xml version="1.0" encoding="UTF-8"?>
<!-- Generated by org.testng.reporters.JUnitReportReporter -->
<testsuite skipped="0" hostname="ip-172-31-86-137" name="restAPI.PostCallwithJsonFile" tests="1" failures="0" timestamp="02 Dec 2021 05:00:42 GMT" time="1.548" errors="0">
  <testcase name="PostCall" time="1.548" classname="restAPI.PostCallwithJsonFile"/>
</testsuite> <!-- restAPI.PostCallwithJsonFile -->
