<?xml version="1.0" encoding="UTF-8"?>
<!-- Generated by org.testng.reporters.JUnitReportReporter -->
<testsuite skipped="0" hostname="ip-172-31-86-137" name="restAPIChaining.EndtoEndTest" tests="1" failures="0" timestamp="02 Dec 2021 06:58:58 GMT" time="1.712" errors="0">
  <testcase name="test1" time="1.712" classname="restAPIChaining.EndtoEndTest"/>
</testsuite> <!-- restAPIChaining.EndtoEndTest -->
