<?xml version="1.0" encoding="UTF-8"?>
<!-- Generated by org.testng.reporters.JUnitReportReporter -->
<testsuite skipped="0" hostname="ip-172-31-86-137" name="restAPI.PostRequestwithJsonObjects" tests="1" failures="0" timestamp="02 Dec 2021 04:40:00 GMT" time="1.895" errors="0">
  <testcase name="PostCall" time="1.895" classname="restAPI.PostRequestwithJsonObjects"/>
</testsuite> <!-- restAPI.PostRequestwithJsonObjects -->
